<?xml version="1.0" encoding="UTF-8"?>
<testsuite name="Academy Choucair" tests="1" skipped="0" failures="0" errors="0" timestamp="2021-10-11T00:23:08" hostname="DESKTOP-KRQJ7CV" time="34.783">
  <properties/>
  <testcase name="Search for a automation course" classname="Academy Choucair" time="34.783"/>
  <system-out><![CDATA[]]></system-out>
  <system-err><![CDATA[[Test worker] WARN net.thucydides.core.steps.BaseStepListener - stepStarted: net.thucydides.core.steps.ExecutedStepDescription@7b3b9ac5
[Test worker] WARN net.thucydides.core.steps.BaseStepListener - stepStarted: net.thucydides.core.steps.ExecutedStepDescription@2de3baa2
[Test worker] WARN net.thucydides.core.steps.BaseStepListener - stepStarted: net.thucydides.core.steps.ExecutedStepDescription@234eebb0
Oct 10, 2021 7:23:10 PM org.openqa.selenium.remote.DesiredCapabilities chrome
INFO: Using `new ChromeOptions()` is preferred to `DesiredCapabilities.chrome()`
[Test worker] INFO net.serenitybdd.core.webdriver.driverproviders.ProvideNewDriver - Instantiating driver
[Test worker] INFO net.serenitybdd.core.webdriver.driverproviders.ProvideNewDriver - Driver capabilities: Capabilities {acceptInsecureCerts: false, browserName: chrome, chrome.switches: --start-maximized, goog:chromeOptions: {args: [--start-maximized], extensions: []}, loggingPrefs: org.openqa.selenium.logging..., platform: ANY, version: }
Starting ChromeDriver 94.0.4606.61 (418b78f5838ed0b1c69bb4e51ea0252171854915-refs/branch-heads/4606@{#1204}) on port 37978
Only local connections are allowed.
Please see https://chromedriver.chromium.org/security-considerations for suggestions on keeping ChromeDriver safe.
ChromeDriver was started successfully.
Oct 10, 2021 7:23:15 PM org.openqa.selenium.remote.ProtocolHandshake createSession
INFO: Detected dialect: W3C
[Test worker] WARN net.thucydides.core.steps.BaseStepListener - stepFinished: current outcome:Search for a automation course:Example: {strUser=1053849728, strPassword=Choucair2021*, strCourse=Metodología Bancolombia} [Given than Brandon wants to learn automation at the academy chourcair
| strUser | strPassword |
| 1053849728 | Choucair2021* | [Brandom open up [Brandom opens the Choucair academy page]]]
[Test worker] WARN net.thucydides.core.steps.BaseStepListener - stepFinished: current outcome:Search for a automation course:Example: {strUser=1053849728, strPassword=Choucair2021*, strCourse=Metodología Bancolombia} [Given than Brandon wants to learn automation at the academy chourcair
| strUser | strPassword |
| 1053849728 | Choucair2021* | [Brandom open up [Brandom opens the Choucair academy page]]]
[Test worker] WARN net.thucydides.core.steps.BaseStepListener - stepStarted: net.thucydides.core.steps.ExecutedStepDescription@42f9a750
[Test worker] WARN net.thucydides.core.steps.BaseStepListener - stepStarted: net.thucydides.core.steps.ExecutedStepDescription@619af58d
[Test worker] WARN net.thucydides.core.steps.BaseStepListener - stepFinished: current outcome:Search for a automation course:Example: {strUser=1053849728, strPassword=Choucair2021*, strCourse=Metodología Bancolombia} [Given than Brandon wants to learn automation at the academy chourcair
| strUser | strPassword |
| 1053849728 | Choucair2021* | [Brandom open up [Brandom opens the Choucair academy page], Brandom login [Brandom clicks on button that shows us the form to login]]]
[Test worker] WARN net.thucydides.core.steps.BaseStepListener - stepStarted: net.thucydides.core.steps.ExecutedStepDescription@b39e4db
[Test worker] WARN net.thucydides.core.steps.BaseStepListener - stepFinished: current outcome:Search for a automation course:Example: {strUser=1053849728, strPassword=Choucair2021*, strCourse=Metodología Bancolombia} [Given than Brandon wants to learn automation at the academy chourcair
| strUser | strPassword |
| 1053849728 | Choucair2021* | [Brandom open up [Brandom opens the Choucair academy page], Brandom login [Brandom clicks on button that shows us the form to login, Brandom enters '1053849728' into where we write the username]]]
[Test worker] WARN net.thucydides.core.steps.BaseStepListener - stepStarted: net.thucydides.core.steps.ExecutedStepDescription@18d650af
[Test worker] WARN net.thucydides.core.steps.BaseStepListener - stepFinished: current outcome:Search for a automation course:Example: {strUser=1053849728, strPassword=Choucair2021*, strCourse=Metodología Bancolombia} [Given than Brandon wants to learn automation at the academy chourcair
| strUser | strPassword |
| 1053849728 | Choucair2021* | [Brandom open up [Brandom opens the Choucair academy page], Brandom login [Brandom clicks on button that shows us the form to login, Brandom enters '1053849728' into where we write the username, Brandom enters 'Choucair2021*' into where we write the password]]]
[Test worker] WARN net.thucydides.core.steps.BaseStepListener - stepStarted: net.thucydides.core.steps.ExecutedStepDescription@754fe004
[Test worker] WARN net.thucydides.core.steps.BaseStepListener - stepFinished: current outcome:Search for a automation course:Example: {strUser=1053849728, strPassword=Choucair2021*, strCourse=Metodología Bancolombia} [Given than Brandon wants to learn automation at the academy chourcair
| strUser | strPassword |
| 1053849728 | Choucair2021* | [Brandom open up [Brandom opens the Choucair academy page], Brandom login [Brandom clicks on button that shows us the form to login, Brandom enters '1053849728' into where we write the username, Brandom enters 'Choucair2021*' into where we write the password, Brandom clicks on button to login]]]
[Test worker] WARN net.thucydides.core.steps.BaseStepListener - stepFinished: current outcome:Search for a automation course:Example: {strUser=1053849728, strPassword=Choucair2021*, strCourse=Metodología Bancolombia} [Given than Brandon wants to learn automation at the academy chourcair
| strUser | strPassword |
| 1053849728 | Choucair2021* | [Brandom open up [Brandom opens the Choucair academy page], Brandom login [Brandom clicks on button that shows us the form to login, Brandom enters '1053849728' into where we write the username, Brandom enters 'Choucair2021*' into where we write the password, Brandom clicks on button to login]]]
[Test worker] WARN net.thucydides.core.steps.BaseStepListener - stepFinished: current outcome:Search for a automation course:Example: {strUser=1053849728, strPassword=Choucair2021*, strCourse=Metodología Bancolombia} [Given than Brandon wants to learn automation at the academy chourcair
| strUser | strPassword |
| 1053849728 | Choucair2021* | [Brandom open up [Brandom opens the Choucair academy page], Brandom login [Brandom clicks on button that shows us the form to login, Brandom enters '1053849728' into where we write the username, Brandom enters 'Choucair2021*' into where we write the password, Brandom clicks on button to login]]]
[Test worker] WARN net.thucydides.core.steps.BaseStepListener - stepStarted: net.thucydides.core.steps.ExecutedStepDescription@7100ff1d
[Test worker] WARN net.thucydides.core.steps.BaseStepListener - stepStarted: net.thucydides.core.steps.ExecutedStepDescription@6c94e5b3
[Test worker] WARN net.thucydides.core.steps.BaseStepListener - stepStarted: net.thucydides.core.steps.ExecutedStepDescription@1a380110
[Test worker] WARN net.thucydides.core.steps.BaseStepListener - stepFinished: current outcome:Search for a automation course:Example: {strUser=1053849728, strPassword=Choucair2021*, strCourse=Metodología Bancolombia} [Given than Brandon wants to learn automation at the academy chourcair
| strUser | strPassword |
| 1053849728 | Choucair2021* | [Brandom open up [Brandom opens the Choucair academy page], Brandom login [Brandom clicks on button that shows us the form to login, Brandom enters '1053849728' into where we write the username, Brandom enters 'Choucair2021*' into where we write the password, Brandom clicks on button to login]], When he search for the course on the choucair academy platform
| strCourse |
| Metodología Bancolombia | [Brandom search [Brandom clicks on Seleccionar la universidad Choucair]]]
[Test worker] WARN net.thucydides.core.steps.BaseStepListener - stepStarted: net.thucydides.core.steps.ExecutedStepDescription@7ae0152
[Test worker] WARN net.thucydides.core.steps.BaseStepListener - stepFinished: current outcome:Search for a automation course:Example: {strUser=1053849728, strPassword=Choucair2021*, strCourse=Metodología Bancolombia} [Given than Brandon wants to learn automation at the academy chourcair
| strUser | strPassword |
| 1053849728 | Choucair2021* | [Brandom open up [Brandom opens the Choucair academy page], Brandom login [Brandom clicks on button that shows us the form to login, Brandom enters '1053849728' into where we write the username, Brandom enters 'Choucair2021*' into where we write the password, Brandom clicks on button to login]], When he search for the course on the choucair academy platform
| strCourse |
| Metodología Bancolombia | [Brandom search [Brandom clicks on Seleccionar la universidad Choucair, Brandom enters 'Metodología Bancolombia' into Buscar el curso]]]
[Test worker] WARN net.thucydides.core.steps.BaseStepListener - stepStarted: net.thucydides.core.steps.ExecutedStepDescription@74bccc06
[Test worker] WARN net.thucydides.core.steps.BaseStepListener - stepFinished: current outcome:Search for a automation course:Example: {strUser=1053849728, strPassword=Choucair2021*, strCourse=Metodología Bancolombia} [Given than Brandon wants to learn automation at the academy chourcair
| strUser | strPassword |
| 1053849728 | Choucair2021* | [Brandom open up [Brandom opens the Choucair academy page], Brandom login [Brandom clicks on button that shows us the form to login, Brandom enters '1053849728' into where we write the username, Brandom enters 'Choucair2021*' into where we write the password, Brandom clicks on button to login]], When he search for the course on the choucair academy platform
| strCourse |
| Metodología Bancolombia | [Brandom search [Brandom clicks on Seleccionar la universidad Choucair, Brandom enters 'Metodología Bancolombia' into Buscar el curso, Brandom clicks on Dar click para buscar el curso]]]
[Test worker] WARN net.thucydides.core.steps.BaseStepListener - stepStarted: net.thucydides.core.steps.ExecutedStepDescription@41161f12
[Test worker] WARN net.thucydides.core.steps.BaseStepListener - stepFinished: current outcome:Search for a automation course:Example: {strUser=1053849728, strPassword=Choucair2021*, strCourse=Metodología Bancolombia} [Given than Brandon wants to learn automation at the academy chourcair
| strUser | strPassword |
| 1053849728 | Choucair2021* | [Brandom open up [Brandom opens the Choucair academy page], Brandom login [Brandom clicks on button that shows us the form to login, Brandom enters '1053849728' into where we write the username, Brandom enters 'Choucair2021*' into where we write the password, Brandom clicks on button to login]], When he search for the course on the choucair academy platform
| strCourse |
| Metodología Bancolombia | [Brandom search [Brandom clicks on Seleccionar la universidad Choucair, Brandom enters 'Metodología Bancolombia' into Buscar el curso, Brandom clicks on Dar click para buscar el curso, Brandom clicks on Dar click para ingresar al curso]]]
[Test worker] WARN net.thucydides.core.steps.BaseStepListener - stepFinished: current outcome:Search for a automation course:Example: {strUser=1053849728, strPassword=Choucair2021*, strCourse=Metodología Bancolombia} [Given than Brandon wants to learn automation at the academy chourcair
| strUser | strPassword |
| 1053849728 | Choucair2021* | [Brandom open up [Brandom opens the Choucair academy page], Brandom login [Brandom clicks on button that shows us the form to login, Brandom enters '1053849728' into where we write the username, Brandom enters 'Choucair2021*' into where we write the password, Brandom clicks on button to login]], When he search for the course on the choucair academy platform
| strCourse |
| Metodología Bancolombia | [Brandom search [Brandom clicks on Seleccionar la universidad Choucair, Brandom enters 'Metodología Bancolombia' into Buscar el curso, Brandom clicks on Dar click para buscar el curso, Brandom clicks on Dar click para ingresar al curso]]]
[Test worker] WARN net.thucydides.core.steps.BaseStepListener - stepFinished: current outcome:Search for a automation course:Example: {strUser=1053849728, strPassword=Choucair2021*, strCourse=Metodología Bancolombia} [Given than Brandon wants to learn automation at the academy chourcair
| strUser | strPassword |
| 1053849728 | Choucair2021* | [Brandom open up [Brandom opens the Choucair academy page], Brandom login [Brandom clicks on button that shows us the form to login, Brandom enters '1053849728' into where we write the username, Brandom enters 'Choucair2021*' into where we write the password, Brandom clicks on button to login]], When he search for the course on the choucair academy platform
| strCourse |
| Metodología Bancolombia | [Brandom search [Brandom clicks on Seleccionar la universidad Choucair, Brandom enters 'Metodología Bancolombia' into Buscar el curso, Brandom clicks on Dar click para buscar el curso, Brandom clicks on Dar click para ingresar al curso]]]
[Test worker] WARN net.thucydides.core.steps.BaseStepListener - stepStarted: net.thucydides.core.steps.ExecutedStepDescription@19d352d6
[Test worker] WARN net.thucydides.core.steps.BaseStepListener - stepStarted: net.thucydides.core.steps.ExecutedStepDescription@33d6f1fb
[Test worker] WARN net.thucydides.core.steps.BaseStepListener - stepFinished: current outcome:Search for a automation course:Example: {strUser=1053849728, strPassword=Choucair2021*, strCourse=Metodología Bancolombia} [Given than Brandon wants to learn automation at the academy chourcair
| strUser | strPassword |
| 1053849728 | Choucair2021* | [Brandom open up [Brandom opens the Choucair academy page], Brandom login [Brandom clicks on button that shows us the form to login, Brandom enters '1053849728' into where we write the username, Brandom enters 'Choucair2021*' into where we write the password, Brandom clicks on button to login]], When he search for the course on the choucair academy platform
| strCourse |
| Metodología Bancolombia | [Brandom search [Brandom clicks on Seleccionar la universidad Choucair, Brandom enters 'Metodología Bancolombia' into Buscar el curso, Brandom clicks on Dar click para buscar el curso, Brandom clicks on Dar click para ingresar al curso]], Then he finds the course called
| strCourse |
| Metodología Bancolombia | [Then answer]]
[Test worker] WARN net.thucydides.core.steps.BaseStepListener - stepFinished: current outcome:Search for a automation course:Example: {strUser=1053849728, strPassword=Choucair2021*, strCourse=Metodología Bancolombia} [Given than Brandon wants to learn automation at the academy chourcair
| strUser | strPassword |
| 1053849728 | Choucair2021* | [Brandom open up [Brandom opens the Choucair academy page], Brandom login [Brandom clicks on button that shows us the form to login, Brandom enters '1053849728' into where we write the username, Brandom enters 'Choucair2021*' into where we write the password, Brandom clicks on button to login]], When he search for the course on the choucair academy platform
| strCourse |
| Metodología Bancolombia | [Brandom search [Brandom clicks on Seleccionar la universidad Choucair, Brandom enters 'Metodología Bancolombia' into Buscar el curso, Brandom clicks on Dar click para buscar el curso, Brandom clicks on Dar click para ingresar al curso]], Then he finds the course called
| strCourse |
| Metodología Bancolombia | [Then answer]]
[Test worker] WARN net.thucydides.core.steps.BaseStepListener - stepFinished: current outcome:Search for a automation course:Example: {strUser=1053849728, strPassword=Choucair2021*, strCourse=Metodología Bancolombia} [Given than Brandon wants to learn automation at the academy chourcair
| strUser | strPassword |
| 1053849728 | Choucair2021* | [Brandom open up [Brandom opens the Choucair academy page], Brandom login [Brandom clicks on button that shows us the form to login, Brandom enters '1053849728' into where we write the username, Brandom enters 'Choucair2021*' into where we write the password, Brandom clicks on button to login]], When he search for the course on the choucair academy platform
| strCourse |
| Metodología Bancolombia | [Brandom search [Brandom clicks on Seleccionar la universidad Choucair, Brandom enters 'Metodología Bancolombia' into Buscar el curso, Brandom clicks on Dar click para buscar el curso, Brandom clicks on Dar click para ingresar al curso]], Then he finds the course called
| strCourse |
| Metodología Bancolombia | [Then answer]]
[Test worker] WARN net.thucydides.core.steps.BaseStepListener - testFinished: Search for a automation course:Example: {strUser=1053849728, strPassword=Choucair2021*, strCourse=Metodología Bancolombia} [Given than Brandon wants to learn automation at the academy chourcair
| strUser | strPassword |
| 1053849728 | Choucair2021* | [Brandom open up [Brandom opens the Choucair academy page], Brandom login [Brandom clicks on button that shows us the form to login, Brandom enters '1053849728' into where we write the username, Brandom enters 'Choucair2021*' into where we write the password, Brandom clicks on button to login]], When he search for the course on the choucair academy platform
| strCourse |
| Metodología Bancolombia | [Brandom search [Brandom clicks on Seleccionar la universidad Choucair, Brandom enters 'Metodología Bancolombia' into Buscar el curso, Brandom clicks on Dar click para buscar el curso, Brandom clicks on Dar click para ingresar al curso]], Then he finds the course called
| strCourse |
| Metodología Bancolombia | [Then answer]]
[Test worker] WARN net.thucydides.core.steps.BaseStepListener - TestOutcomes: [Search for a automation course:Example: {strUser=1053849728, strPassword=Choucair2021*, strCourse=Metodología Bancolombia} [Given than Brandon wants to learn automation at the academy chourcair
| strUser | strPassword |
| 1053849728 | Choucair2021* | [Brandom open up [Brandom opens the Choucair academy page], Brandom login [Brandom clicks on button that shows us the form to login, Brandom enters '1053849728' into where we write the username, Brandom enters 'Choucair2021*' into where we write the password, Brandom clicks on button to login]], When he search for the course on the choucair academy platform
| strCourse |
| Metodología Bancolombia | [Brandom search [Brandom clicks on Seleccionar la universidad Choucair, Brandom enters 'Metodología Bancolombia' into Buscar el curso, Brandom clicks on Dar click para buscar el curso, Brandom clicks on Dar click para ingresar al curso]], Then he finds the course called
| strCourse |
| Metodología Bancolombia | [Then answer]]]
[Test worker] WARN net.thucydides.core.steps.BaseStepListener - Final testOutcomes: [Search for a automation course:Example: {strUser=1053849728, strPassword=Choucair2021*, strCourse=Metodología Bancolombia} [Given than Brandon wants to learn automation at the academy chourcair
| strUser | strPassword |
| 1053849728 | Choucair2021* | [Brandom open up [Brandom opens the Choucair academy page], Brandom login [Brandom clicks on button that shows us the form to login, Brandom enters '1053849728' into where we write the username, Brandom enters 'Choucair2021*' into where we write the password, Brandom clicks on button to login]], When he search for the course on the choucair academy platform
| strCourse |
| Metodología Bancolombia | [Brandom search [Brandom clicks on Seleccionar la universidad Choucair, Brandom enters 'Metodología Bancolombia' into Buscar el curso, Brandom clicks on Dar click para buscar el curso, Brandom clicks on Dar click para ingresar al curso]], Then he finds the course called
| strCourse |
| Metodología Bancolombia | [Then answer]]]
[Test worker] INFO net.thucydides.core.steps.ConsoleLoggingListener - 
        __    _____ _____ ____ _____   ____   _    ____  ____  _____ ____  
  _     \ \  |_   _| ____/ ___|_   _| |  _ \ / \  / ___|/ ___|| ____|  _ \ 
 (_)_____| |   | | |  _| \___ \ | |   | |_) / _ \ \___ \\___ \|  _| | | | |
  _|_____| |   | | | |___ ___) || |   |  __/ ___ \ ___) |___) | |___| |_| |
 (_)     | |   |_| |_____|____/ |_|   |_| /_/   \_\____/|____/|_____|____/ 
        /_/                                                                

TEST PASSED: Search for a automation course
----------------------------------------------------------------------------
]]></system-err>
</testsuite>
